<?xml version="1.0" encoding="UTF-8"?>
<testng-results ignored="0" total="2" passed="2" failed="0" skipped="0">
  <reporter-output>
  </reporter-output>
  <suite started-at="2025-04-25T16:39:54 IST" name="Suite" finished-at="2025-04-25T16:40:16 IST" duration-ms="21439">
    <groups>
      <group name="Master">
        <method signature="CartLoginClass.loginTest()[pri:0, instance:testCases.CartLoginClass@327af41b]" name="loginTest" class="testCases.CartLoginClass"/>
        <method signature="CartRegisterClass.registerTest()[pri:0, instance:testCases.CartRegisterClass@2931522b]" name="registerTest" class="testCases.CartRegisterClass"/>
      </group> <!-- Master -->
      <group name="Sanity">
        <method signature="CartLoginClass.loginTest()[pri:0, instance:testCases.CartLoginClass@327af41b]" name="loginTest" class="testCases.CartLoginClass"/>
      </group> <!-- Sanity -->
      <group name="Regression">
        <method signature="CartLoginClass.loginTest()[pri:0, instance:testCases.CartLoginClass@327af41b]" name="loginTest" class="testCases.CartLoginClass"/>
        <method signature="CartRegisterClass.registerTest()[pri:0, instance:testCases.CartRegisterClass@2931522b]" name="registerTest" class="testCases.CartRegisterClass"/>
      </group> <!-- Regression -->
    </groups>
    <test started-at="2025-04-25T16:39:54 IST" name="Test" finished-at="2025-04-25T16:40:16 IST" duration-ms="21439">
      <class name="testCases.CartLoginClass">
        <test-method is-config="true" signature="setUp(java.lang.String,java.lang.String)[pri:0, instance:testCases.CartLoginClass@327af41b]" started-at="2025-04-25T16:40:10 IST" name="setUp" finished-at="2025-04-25T16:40:13 IST" duration-ms="3104" status="PASS">
          <params>
            <param index="0">
              <value>
                <![CDATA[windows]]>
              </value>
            </param>
            <param index="1">
              <value>
                <![CDATA[chrome]]>
              </value>
            </param>
          </params>
          <reporter-output>
          </reporter-output>
        </test-method> <!-- setUp -->
        <test-method signature="loginTest()[pri:0, instance:testCases.CartLoginClass@327af41b]" started-at="2025-04-25T16:40:13 IST" name="loginTest" finished-at="2025-04-25T16:40:16 IST" duration-ms="2875" status="PASS">
          <reporter-output>
          </reporter-output>
        </test-method> <!-- loginTest -->
        <test-method is-config="true" signature="tearDown()[pri:0, instance:testCases.CartLoginClass@327af41b]" started-at="2025-04-25T16:40:16 IST" name="tearDown" finished-at="2025-04-25T16:40:16 IST" duration-ms="267" status="PASS">
          <reporter-output>
          </reporter-output>
        </test-method> <!-- tearDown -->
      </class> <!-- testCases.CartLoginClass -->
      <class name="testCases.CartRegisterClass">
        <test-method is-config="true" signature="setUp(java.lang.String,java.lang.String)[pri:0, instance:testCases.CartRegisterClass@2931522b]" started-at="2025-04-25T16:39:55 IST" name="setUp" finished-at="2025-04-25T16:40:05 IST" duration-ms="10531" status="PASS">
          <params>
            <param index="0">
              <value>
                <![CDATA[windows]]>
              </value>
            </param>
            <param index="1">
              <value>
                <![CDATA[chrome]]>
              </value>
            </param>
          </params>
          <reporter-output>
          </reporter-output>
        </test-method> <!-- setUp -->
        <test-method signature="registerTest()[pri:0, instance:testCases.CartRegisterClass@2931522b]" started-at="2025-04-25T16:40:05 IST" name="registerTest" finished-at="2025-04-25T16:40:09 IST" duration-ms="4048" status="PASS">
          <reporter-output>
          </reporter-output>
        </test-method> <!-- registerTest -->
        <test-method is-config="true" signature="tearDown()[pri:0, instance:testCases.CartRegisterClass@2931522b]" started-at="2025-04-25T16:40:09 IST" name="tearDown" finished-at="2025-04-25T16:40:10 IST" duration-ms="317" status="PASS">
          <reporter-output>
          </reporter-output>
        </test-method> <!-- tearDown -->
      </class> <!-- testCases.CartRegisterClass -->
    </test> <!-- Test -->
  </suite> <!-- Suite -->
</testng-results>
